<?xml version="1.0" encoding="UTF-8"?>
<testng-results skipped="0" failed="0" ignored="0" total="1" passed="1">
  <reporter-output>
  </reporter-output>
  <suite name="Surefire suite" duration-ms="25302" started-at="2022-04-07T21:37:24 IST" finished-at="2022-04-07T21:37:49 IST">
    <groups>
      <group name="cucumber">
        <method signature="AbstractTestNGCucumberTests.runScenario(io.cucumber.testng.PickleWrapper,io.cucumber.testng.FeatureWrapper)[pri:0, instance:StepDefinitions.TestRunner@74650e52]" name="runScenario" class="io.cucumber.testng.AbstractTestNGCucumberTests"/>
      </group> <!-- cucumber -->
    </groups>
    <test name="Surefire test" duration-ms="25302" started-at="2022-04-07T21:37:24 IST" finished-at="2022-04-07T21:37:49 IST">
      <class name="StepDefinitions.TestRunner">
        <test-method status="PASS" signature="setUpClass()[pri:0, instance:StepDefinitions.TestRunner@74650e52]" name="setUpClass" is-config="true" duration-ms="917" started-at="2022-04-07T21:37:24 IST" finished-at="2022-04-07T21:37:25 IST">
          <reporter-output>
          </reporter-output>
        </test-method> <!-- setUpClass -->
        <test-method status="PASS" signature="runScenario(io.cucumber.testng.PickleWrapper,io.cucumber.testng.FeatureWrapper)[pri:0, instance:StepDefinitions.TestRunner@74650e52]" name="runScenario" duration-ms="18622" started-at="2022-04-07T21:37:25 IST" description="Runs Cucumber Scenarios" data-provider="scenarios" finished-at="2022-04-07T21:37:43 IST">
          <params>
            <param index="0">
              <value>
                <![CDATA["search products"]]>
              </value>
            </param>
            <param index="1">
              <value>
                <![CDATA["Optional[Amazon search for product details]"]]>
              </value>
            </param>
          </params>
          <reporter-output>
          </reporter-output>
        </test-method> <!-- runScenario -->
        <test-method status="PASS" signature="tearDownClass()[pri:0, instance:StepDefinitions.TestRunner@74650e52]" name="tearDownClass" is-config="true" duration-ms="5706" started-at="2022-04-07T21:37:43 IST" finished-at="2022-04-07T21:37:49 IST">
          <reporter-output>
          </reporter-output>
        </test-method> <!-- tearDownClass -->
      </class> <!-- StepDefinitions.TestRunner -->
    </test> <!-- Surefire test -->
  </suite> <!-- Surefire suite -->
</testng-results>
