<?xml version="1.0" encoding="UTF-8"?>
<!-- Generated by org.testng.reporters.JUnitReportReporter -->
<testsuite hostname="LAPTOP-6OACLVLF" failures="1" tests="1" name="StepDefinitions.TestRunner" time="16.649" errors="0" timestamp="2022-04-06T22:13:01 IST" skipped="0">
  <testcase classname="StepDefinitions.TestRunner" name="runScenario" time="16.649">
    <failure message="expected:&lt;[&quot;samsung m12&quot;]&gt; but was:&lt;[samsung m12]&gt;" type="org.junit.ComparisonFailure">
      <![CDATA[org.junit.ComparisonFailure: expected:<["samsung m12"]> but was:<[samsung m12]>
at org.junit.Assert.assertEquals(Assert.java:115)
at org.junit.Assert.assertEquals(Assert.java:144)
at AppElements.Product_Search_Elements.user_verify_productName(Product_Search_Elements.java:37)
at StepDefinitions.Amazon_Search.user_verify_product_dtails(Amazon_Search.java:65)
at ✽.user verify product details(file:///E:/Test_Frameworks/9pm_01-04-2022/Test/Features/Search_Products.feature:8)
]]>
    </failure>
  </testcase> <!-- runScenario -->
  <system-out/>
</testsuite> <!-- StepDefinitions.TestRunner -->
