<?xml version="1.0" encoding="UTF-8"?>
<testng-results ignored="0" total="1" passed="0" failed="1" skipped="0">
  <reporter-output>
  </reporter-output>
  <suite started-at="2022-04-06T22:12:39 IST" name="Suite" finished-at="2022-04-06T22:13:01 IST" duration-ms="21781">
    <groups>
      <group name="cucumber">
        <method signature="AbstractTestNGCucumberTests.runScenario(io.cucumber.testng.PickleWrapper,io.cucumber.testng.FeatureWrapper)[pri:0, instance:StepDefinitions.TestRunner@62150f9e]" name="runScenario" class="io.cucumber.testng.AbstractTestNGCucumberTests"/>
      </group> <!-- cucumber -->
    </groups>
    <test started-at="2022-04-06T22:12:39 IST" name="Test" finished-at="2022-04-06T22:13:01 IST" duration-ms="21781">
      <class name="StepDefinitions.TestRunner">
        <test-method is-config="true" signature="setUpClass()[pri:0, instance:StepDefinitions.TestRunner@62150f9e]" started-at="2022-04-06T22:12:39 IST" name="setUpClass" finished-at="2022-04-06T22:12:40 IST" duration-ms="890" status="PASS">
          <reporter-output>
          </reporter-output>
        </test-method> <!-- setUpClass -->
        <test-method signature="runScenario(io.cucumber.testng.PickleWrapper,io.cucumber.testng.FeatureWrapper)[pri:0, instance:StepDefinitions.TestRunner@62150f9e]" started-at="2022-04-06T22:12:40 IST" name="runScenario" description="Runs Cucumber Scenarios" data-provider="scenarios" finished-at="2022-04-06T22:12:57 IST" duration-ms="16649" status="FAIL">
          <params>
            <param index="0">
              <value>
                <![CDATA["search products"]]>
              </value>
            </param>
            <param index="1">
              <value>
                <![CDATA["Optional[Amazon search for product details]"]]>
              </value>
            </param>
          </params>
          <exception class="org.junit.ComparisonFailure">
            <message>
              <![CDATA[expected:<["samsung m12"]> but was:<[samsung m12]>]]>
            </message>
            <full-stacktrace>
              <![CDATA[org.junit.ComparisonFailure: expected:<["samsung m12"]> but was:<[samsung m12]>
at org.junit.Assert.assertEquals(Assert.java:115)
at org.junit.Assert.assertEquals(Assert.java:144)
at AppElements.Product_Search_Elements.user_verify_productName(Product_Search_Elements.java:37)
at StepDefinitions.Amazon_Search.user_verify_product_dtails(Amazon_Search.java:65)
at ✽.user verify product details(file:///E:/Test_Frameworks/9pm_01-04-2022/Test/Features/Search_Products.feature:8)
]]>
            </full-stacktrace>
          </exception> <!-- org.junit.ComparisonFailure -->
          <reporter-output>
          </reporter-output>
        </test-method> <!-- runScenario -->
        <test-method is-config="true" signature="tearDownClass()[pri:0, instance:StepDefinitions.TestRunner@62150f9e]" started-at="2022-04-06T22:12:57 IST" name="tearDownClass" finished-at="2022-04-06T22:13:01 IST" duration-ms="4176" status="PASS">
          <reporter-output>
          </reporter-output>
        </test-method> <!-- tearDownClass -->
      </class> <!-- StepDefinitions.TestRunner -->
    </test> <!-- Test -->
  </suite> <!-- Suite -->
</testng-results>
